Build started 8/17/2015 9:18:48 PM.
     1>Project "C:\Users\User\Documents\Visual Studio 2013\Projects\BoulderBlast\BoulderBlast\BoulderBlast.vcxproj" on node 2 (Build target(s)).
     1>ClCompile:
         C:\Program Files (x86)\Microsoft Visual Studio 12.0\VC\bin\CL.exe /c /ZI /nologo /W3 /WX- /sdl /Od /Oy- /D WIN32 /D _DEBUG /D _CONSOLE /D _CRT_SECURE_NO_WARNINGS /D GLUT_BUILDING_LIB /D _UNICODE /D UNICODE /Gm /EHsc /RTC1 /MDd /GS /fp:precise /Zc:wchar_t /Zc:forScope /Fo"Debug\\" /Fd"Debug\vc120.pdb" /Gd /TP /analyze- /errorReport:prompt StudentWorld.cpp
         StudentWorld.cpp
     1>c:\users\user\documents\visual studio 2013\projects\boulderblast\boulderblast\studentworld.cpp(22): warning C4018: '<' : signed/unsigned mismatch
     1>c:\users\user\documents\visual studio 2013\projects\boulderblast\boulderblast\studentworld.cpp(39): warning C4018: '<' : signed/unsigned mismatch
     1>c:\users\user\documents\visual studio 2013\projects\boulderblast\boulderblast\studentworld.cpp(101): warning C4018: '<' : signed/unsigned mismatch
     1>c:\users\user\documents\visual studio 2013\projects\boulderblast\boulderblast\studentworld.cpp(128): warning C4018: '<' : signed/unsigned mismatch
     1>c:\users\user\documents\visual studio 2013\projects\boulderblast\boulderblast\studentworld.cpp(161): warning C4018: '<' : signed/unsigned mismatch
     1>c:\users\user\documents\visual studio 2013\projects\boulderblast\boulderblast\studentworld.cpp(182): warning C4018: '<' : signed/unsigned mismatch
     1>c:\users\user\documents\visual studio 2013\projects\boulderblast\boulderblast\studentworld.cpp(221): warning C4018: '<' : signed/unsigned mismatch
     1>c:\users\user\documents\visual studio 2013\projects\boulderblast\boulderblast\studentworld.cpp(246): warning C4018: '<' : signed/unsigned mismatch
     1>c:\users\user\documents\visual studio 2013\projects\boulderblast\boulderblast\studentworld.cpp(269): warning C4018: '<' : signed/unsigned mismatch
     1>c:\users\user\documents\visual studio 2013\projects\boulderblast\boulderblast\studentworld.cpp(304): warning C4018: '<' : signed/unsigned mismatch
     1>c:\users\user\documents\visual studio 2013\projects\boulderblast\boulderblast\studentworld.cpp(329): warning C4018: '<' : signed/unsigned mismatch
     1>c:\users\user\documents\visual studio 2013\projects\boulderblast\boulderblast\studentworld.cpp(480): warning C4018: '<' : signed/unsigned mismatch
     1>c:\users\user\documents\visual studio 2013\projects\boulderblast\boulderblast\studentworld.cpp(501): warning C4018: '<' : signed/unsigned mismatch
     1>c:\users\user\documents\visual studio 2013\projects\boulderblast\boulderblast\studentworld.cpp(525): warning C4018: '<' : signed/unsigned mismatch
     1>c:\users\user\documents\visual studio 2013\projects\boulderblast\boulderblast\studentworld.cpp(572): warning C4018: '<' : signed/unsigned mismatch
     1>c:\users\user\documents\visual studio 2013\projects\boulderblast\boulderblast\studentworld.cpp(30): warning C4715: 'StudentWorld::getWhatIsAt' : not all control paths return a value
       Link:
         C:\Program Files (x86)\Microsoft Visual Studio 12.0\VC\bin\link.exe /ERRORREPORT:PROMPT /OUT:"C:\Users\User\Documents\Visual Studio 2013\Projects\BoulderBlast\Debug\BoulderBlast.exe" /INCREMENTAL /NOLOGO kernel32.lib user32.lib gdi32.lib winspool.lib comdlg32.lib advapi32.lib shell32.lib ole32.lib oleaut32.lib uuid.lib odbc32.lib odbccp32.lib /MANIFEST /MANIFESTUAC:"level='asInvoker' uiAccess='false'" /manifest:embed /DEBUG /PDB:"C:\Users\User\Documents\Visual Studio 2013\Projects\BoulderBlast\Debug\BoulderBlast.pdb" /SUBSYSTEM:CONSOLE /TLBID:1 /DYNAMICBASE /NXCOMPAT /IMPLIB:"C:\Users\User\Documents\Visual Studio 2013\Projects\BoulderBlast\Debug\BoulderBlast.lib" /MACHINE:X86 Debug\Actor.obj
         Debug\GameController.obj
         Debug\GameWorld.obj
         Debug\main.obj
         Debug\StudentWorld.obj
         BoulderBlast.vcxproj -> C:\Users\User\Documents\Visual Studio 2013\Projects\BoulderBlast\Debug\BoulderBlast.exe
     1>Done Building Project "C:\Users\User\Documents\Visual Studio 2013\Projects\BoulderBlast\BoulderBlast\BoulderBlast.vcxproj" (Build target(s)).

Build succeeded.

Time Elapsed 00:00:21.84
